[00:57:56] [main/INFO]: Loading for game Minecraft 1.16.5
[00:57:58] [main/INFO]: [FabricLoader] Loading 64 mods: fabric-renderer-api-v1@0.4.2+2868a2287d, fallflyinglib@1.1.0, fabric-keybindings-v0@0.2.1+ca58154a7d, cardinal-components-block@2.8.1, fabricloader@0.11.3, fabric-structure-api-v1@1.1.4+ca58154a7d, slimeorigin@3.0.0, fabric-containers-v0@0.1.11+9354966b7d, fabric-object-builder-api-v1@1.9.5+c88702897d, fabric-dimensions-v1@2.0.6+61336ba97d, pehkui@2.0.0+21w14a, java@8, fabric-game-rule-api-v1@1.0.6+ca58154a7d, fabric-api-base@0.3.0+c88702897d, fabric-rendering-data-attachment-v1@0.1.5+ca58154a7d, fabric-textures-v0@1.0.6+ca58154a7d, cardinal-components-item@2.8.1, fabric-rendering-fluids-v1@0.1.13+ca58154a7d, cardinal-components-level@2.8.1, reach-entity-attributes@1.0.1, fabric-blockrenderlayer-v1@1.1.5+ca58154a7d, fabric-lifecycle-events-v1@1.2.1+ca58154a7d, cardinal-components-chunk@2.8.1, fabric-renderer-registries-v1@2.3.0+2868a2287d, cardinal-components-util@2.8.1, fabric-loot-tables-v1@1.0.2+ca58154a7d, fabric@0.34.0+1.16, cardinal-components-scoreboard@2.8.1, fabric-particles-v1@0.2.4+ca58154a7d, fabric-networking-v0@0.3.2+ca58154a7d, fabric-api-lookup-api-v1@1.0.0+dc716ea17d, fabric-screen-handler-api-v1@1.1.5+9354966b7d, fabric-networking-blockentity-v0@0.2.8+ca58154a7d, minecraft@1.16.5, fabric-command-api-v1@1.1.1+351679a77d, cloth-basic-math@0.5.1, fabric-screen-api-v1@1.0.0+c045166c7d, fabric-tool-attribute-api-v1@1.2.7+8183d3957d, fabric-renderer-indigo@0.4.4+ca58154a7d, fabric-item-api-v1@1.2.1+ca58154a7d, fabric-events-interaction-v0@0.4.2+ca58154a7d, fabric-crash-report-info-v1@0.1.3+ca58154a7d, cardinal-components@2.8.1, fabric-entity-events-v1@1.1.0+c88702897d, origins@0.7.0, fabric-rendering-v0@1.1.2+ca58154a7d, fabric-rendering-v1@1.6.0+2868a2287d, fabric-key-binding-api-v1@1.0.4+9354966b7d, cloth-config2@4.11.14, fabric-resource-loader-v0@0.4.6+2868a2287d, fabric-content-registries-v0@0.2.1+ca58154a7d, fabric-tag-extensions-v0@1.1.1+ca58154a7d, cardinal-components-world@2.8.1, fabric-biome-api-v1@3.1.1+ca58154a7d, cardinal-components-entity@2.8.1, fabric-registry-sync-v0@0.7.4+ca58154a7d, fabric-commands-v0@0.2.2+ca58154a7d, cardinal-components-base@2.8.1, fabric-mining-levels-v0@0.1.3+ca58154a7d, fabric-networking-api-v1@1.0.1+ca58154a7d, fabric-events-lifecycle-v0@0.2.1+ca58154a7d, fabric-models-v0@0.3.0+bc7a746f7d, fabric-item-groups-v0@0.2.7+2868a2287d, fabric-object-builders-v0@0.7.2+ca58154a7d
[00:57:58] [main/INFO]: SpongePowered MIXIN Subsystem Version=0.8.2 Source=file:/home/ubuntu/imls/fabric-server-launch.jar Service=Knot/Fabric Env=SERVER
[00:58:11] [main/INFO]: Origins 0.7.0 is initializing. Have fun!
[00:58:13] [main/INFO]: Environment: authHost='https://authserver.mojang.com', accountsHost='https://api.mojang.com', sessionHost='https://sessionserver.mojang.com', servicesHost='https://api.minecraftservices.com', name='PROD'
[00:58:13] [main/INFO]: Found new data pack Fabric Mods, loading it automatically
[00:58:15] [main/WARN]: Ambiguity between arguments [scale, delay, get, scale_type] and [scale, delay, get, entity] with inputs: [base]
[00:58:15] [main/WARN]: Ambiguity between arguments [scale, get, scale_type] and [scale, get, entity] with inputs: [base]
[00:58:15] [main/WARN]: Ambiguity between arguments [scale, reset, scale_type] and [scale, reset, targets] with inputs: [base]
[00:58:15] [main/WARN]: Ambiguity between arguments [teleport, destination] and [teleport, targets] with inputs: [Player, 0123, @e, dd12be42-52a9-4a91-a8a1-11c01849e498]
[00:58:15] [main/WARN]: Ambiguity between arguments [teleport, location] and [teleport, destination] with inputs: [0.1 -0.5 .9, 0 0 0]
[00:58:15] [main/WARN]: Ambiguity between arguments [teleport, location] and [teleport, targets] with inputs: [0.1 -0.5 .9, 0 0 0]
[00:58:15] [main/WARN]: Ambiguity between arguments [teleport, targets] and [teleport, destination] with inputs: [Player, 0123, dd12be42-52a9-4a91-a8a1-11c01849e498]
[00:58:15] [main/WARN]: Ambiguity between arguments [teleport, targets, location] and [teleport, targets, destination] with inputs: [0.1 -0.5 .9, 0 0 0]
[00:58:15] [main/INFO]: Reloading ResourceManager: Default, bukkit, Fabric Mods (Slimeorigin, Fabric Tool Attribute API (v1), Origins)
[00:58:17] [Worker-Main-2/INFO]: Loaded 7 recipes
[00:58:18] [Worker-Main-2/INFO]: Loaded 927 advancements
[00:58:18] [Worker-Main-2/INFO]: Finished loading powers from data files. Registry contains 75 powers.
[00:58:18] [Worker-Main-2/INFO]: Finished loading origins from data files. Registry contains 12 origins.
[00:58:18] [Worker-Main-2/INFO]: Trying to read layer file: origins:origin
[00:58:18] [Worker-Main-2/INFO]: Trying to read layer file: origins:origin
[00:58:18] [Worker-Main-2/INFO]: Merging origin layer origins:origin
[00:58:18] [Worker-Main-2/INFO]: Finished loading origin layers from data files. Read 1 layers.
[00:58:21] [main/INFO]: Applied 0 biome modifications to 0 of 79 new biomes in 2.036 ms
[00:58:22] [Server thread/INFO]: Starting minecraft server version 1.16.5
[00:58:22] [Server thread/INFO]: Loading properties
[00:58:22] [Server thread/INFO]: Default game type: SURVIVAL
[00:58:22] [Server thread/INFO]: Generating keypair
[00:58:22] [Server thread/INFO]: Starting Minecraft server on *:25565
[00:58:22] [Server thread/INFO]: Using epoll channel type
[00:58:23] [Server thread/INFO]: Preparing level "world"
[00:58:23] [Server thread/INFO]: Preparing start region for dimension minecraft:overworld
[00:58:26] [Server thread/INFO]: Preparing spawn area: 0%
[00:58:26] [Server thread/INFO]: Preparing spawn area: 0%
[00:58:26] [Server thread/INFO]: Preparing spawn area: 0%
[00:58:26] [Server thread/INFO]: Preparing spawn area: 0%
[00:58:26] [Server thread/INFO]: Preparing spawn area: 0%
[00:58:26] [Server thread/INFO]: Preparing spawn area: 0%
[00:58:26] [Server thread/INFO]: Preparing spawn area: 0%
[00:58:27] [Worker-Main-3/INFO]: Preparing spawn area: 30%
[00:58:27] [Server thread/INFO]: Time elapsed: 4226 ms
[00:58:27] [Server thread/INFO]: Done (4.673s)! For help, type "help"
[00:59:51] [Server thread/INFO]: Unknown or incomplete command, see below for error
[00:59:51] [Server thread/INFO]: [A[A[A[A[A[B[B[B[B[B[B[B[B[B[B[B[B[B[B[B[stop<--[HERE]
[00:59:53] [Server thread/INFO]: Stopping the server
[00:59:53] [Server thread/INFO]: Stopping server
[00:59:53] [Server thread/INFO]: Saving players
[00:59:53] [Server thread/INFO]: Saving worlds
[00:59:53] [Server thread/INFO]: Saving chunks for level 'ServerLevel[world]'/minecraft:overworld
[00:59:55] [Server thread/INFO]: ThreadedAnvilChunkStorage (world): All chunks are saved
[00:59:55] [Server thread/INFO]: Saving chunks for level 'ServerLevel[world]'/minecraft:the_nether
[00:59:55] [Server thread/INFO]: ThreadedAnvilChunkStorage (DIM-1): All chunks are saved
[00:59:55] [Server thread/INFO]: Saving chunks for level 'ServerLevel[world]'/minecraft:the_end
[00:59:55] [Server thread/INFO]: ThreadedAnvilChunkStorage (DIM1): All chunks are saved
[00:59:55] [Server thread/INFO]: ThreadedAnvilChunkStorage (world): All chunks are saved
[00:59:55] [Server thread/INFO]: ThreadedAnvilChunkStorage (DIM-1): All chunks are saved
[00:59:55] [Server thread/INFO]: ThreadedAnvilChunkStorage (DIM1): All chunks are saved
